# JRE version: Java(TM) SE Runtime Environment (8.0_191-b12) (build 1.8.0_191-b12)
# Java VM: Java HotSpot(TM) Client VM (25.191-b12 mixed mode windows-x86 )
Heap:
 def new generation   total 54144K, used 7557K [0x04a00000, 0x084c0000, 0x09f50000)
  eden space 48128K,  11% used [0x04a00000, 0x04f877b0, 0x07900000)
  from space 6016K,  31% used [0x07ee0000, 0x080b9c68, 0x084c0000)
  to   space 6016K,   0% used [0x07900000, 0x07900000, 0x07ee0000)
 tenured generation   total 120288K, used 116681K [0x09f50000, 0x114c8000, 0x14a00000)
   the space 120288K,  97% used [0x09f50000, 0x111427d0, 0x11142800, 0x114c8000)
 Metaspace       used 22253K, capacity 23134K, committed 23296K, reserved 23936K
GC Heap History (10 events):
Event: 16.693 GC heap before
{Heap before GC invocations=157 (full 8):
 def new generation   total 54144K, used 54144K [0x04a00000, 0x084c0000, 0x09f50000)
  eden space 48128K, 100% used [0x04a00000, 0x07900000, 0x07900000)
  from space 6016K, 100% used [0x07900000, 0x07ee0000, 0x07ee0000)
  to   space 6016K,   0% used [0x07ee0000, 0x07ee0000, 0x084c0000)
 tenured generation   total 120288K, used 92779K [0x09f50000, 0x114c8000, 0x14a00000)
   the space 120288K,  77% used [0x09f50000, 0x0f9eae08, 0x0f9eb000, 0x114c8000)
 Metaspace       used 21740K, capacity 22619K, committed 22784K, reserved 22912K
Event: 16.706 GC heap after
Heap after GC invocations=158 (full 8):
 def new generation   total 54144K, used 4981K [0x04a00000, 0x084c0000, 0x09f50000)
  eden space 48128K,   0% used [0x04a00000, 0x04a00000, 0x07900000)
  from space 6016K,  82% used [0x07ee0000, 0x083bd640, 0x084c0000)
  to   space 6016K,   0% used [0x07900000, 0x07900000, 0x07ee0000)
 tenured generation   total 120288K, used 98780K [0x09f50000, 0x114c8000, 0x14a00000)
   the space 120288K,  82% used [0x09f50000, 0x0ffc72d0, 0x0ffc7400, 0x114c8000)
 Metaspace       used 21740K, capacity 22619K, committed 22784K, reserved 22912K
}
Event: 16.787 GC heap before
{Heap before GC invocations=158 (full 8):
 def new generation   total 54144K, used 53109K [0x04a00000, 0x084c0000, 0x09f50000)
  eden space 48128K, 100% used [0x04a00000, 0x07900000, 0x07900000)
  from space 6016K,  82% used [0x07ee0000, 0x083bd640, 0x084c0000)
  to   space 6016K,   0% used [0x07900000, 0x07900000, 0x07ee0000)
 tenured generation   total 120288K, used 98780K [0x09f50000, 0x114c8000, 0x14a00000)
   the space 120288K,  82% used [0x09f50000, 0x0ffc72d0, 0x0ffc7400, 0x114c8000)
 Metaspace       used 21740K, capacity 22619K, committed 22784K, reserved 22912K
Event: 16.799 GC heap after
Heap after GC invocations=159 (full 8):
 def new generation   total 54144K, used 6016K [0x04a00000, 0x084c0000, 0x09f50000)
  eden space 48128K,   0% used [0x04a00000, 0x04a00000, 0x07900000)
  from space 6016K, 100% used [0x07900000, 0x07ee0000, 0x07ee0000)
  to   space 6016K,   0% used [0x07ee0000, 0x07ee0000, 0x084c0000)
 tenured generation   total 120288K, used 103888K [0x09f50000, 0x114c8000, 0x14a00000)
   the space 120288K,  86% used [0x09f50000, 0x104c4030, 0x104c4200, 0x114c8000)
 Metaspace       used 21740K, capacity 22619K, committed 22784K, reserved 22912K
}
Event: 16.876 GC heap before
{Heap before GC invocations=159 (full 8):
 def new generation   total 54144K, used 54144K [0x04a00000, 0x084c0000, 0x09f50000)
  eden space 48128K, 100% used [0x04a00000, 0x07900000, 0x07900000)
  from space 6016K, 100% used [0x07900000, 0x07ee0000, 0x07ee0000)
  to   space 6016K,   0% used [0x07ee0000, 0x07ee0000, 0x084c0000)
 tenured generation   total 120288K, used 103888K [0x09f50000, 0x114c8000, 0x14a00000)
   the space 120288K,  86% used [0x09f50000, 0x104c4030, 0x104c4200, 0x114c8000)
 Metaspace       used 21740K, capacity 22619K, committed 22784K, reserved 22912K
Event: 16.888 GC heap after
Heap after GC invocations=160 (full 8):
 def new generation   total 54144K, used 6016K [0x04a00000, 0x084c0000, 0x09f50000)
  eden space 48128K,   0% used [0x04a00000, 0x04a00000, 0x07900000)
  from space 6016K, 100% used [0x07ee0000, 0x084c0000, 0x084c0000)
  to   space 6016K,   0% used [0x07900000, 0x07900000, 0x07ee0000)
 tenured generation   total 120288K, used 110704K [0x09f50000, 0x114c8000, 0x14a00000)
   the space 120288K,  92% used [0x09f50000, 0x10b6c240, 0x10b6c400, 0x114c8000)
 Metaspace       used 21740K, capacity 22619K, committed 22784K, reserved 22912K
}
Event: 17.083 GC heap before
{Heap before GC invocations=160 (full 8):
 def new generation   total 54144K, used 54144K [0x04a00000, 0x084c0000, 0x09f50000)
  eden space 48128K, 100% used [0x04a00000, 0x07900000, 0x07900000)
  from space 6016K, 100% used [0x07ee0000, 0x084c0000, 0x084c0000)
  to   space 6016K,   0% used [0x07900000, 0x07900000, 0x07ee0000)
 tenured generation   total 120288K, used 110704K [0x09f50000, 0x114c8000, 0x14a00000)
   the space 120288K,  92% used [0x09f50000, 0x10b6c240, 0x10b6c400, 0x114c8000)
 Metaspace       used 21866K, capacity 22747K, committed 22912K, reserved 22912K
Event: 17.092 GC heap after
Heap after GC invocations=161 (full 8):
 def new generation   total 54144K, used 1205K [0x04a00000, 0x084c0000, 0x09f50000)
  eden space 48128K,   0% used [0x04a00000, 0x04a00000, 0x07900000)
  from space 6016K,  20% used [0x07900000, 0x07a2d7a8, 0x07ee0000)
  to   space 6016K,   0% used [0x07ee0000, 0x07ee0000, 0x084c0000)
 tenured generation   total 120288K, used 116681K [0x09f50000, 0x114c8000, 0x14a00000)
   the space 120288K,  97% used [0x09f50000, 0x111427d0, 0x11142800, 0x114c8000)
 Metaspace       used 21866K, capacity 22747K, committed 22912K, reserved 22912K
}
Event: 217.006 GC heap before
{Heap before GC invocations=161 (full 8):
 def new generation   total 54144K, used 48577K [0x04a00000, 0x084c0000, 0x09f50000)
  eden space 48128K,  98% used [0x04a00000, 0x07842f80, 0x07900000)
  from space 6016K,  20% used [0x07900000, 0x07a2d7a8, 0x07ee0000)
  to   space 6016K,   0% used [0x07ee0000, 0x07ee0000, 0x084c0000)
 tenured generation   total 120288K, used 116681K [0x09f50000, 0x114c8000, 0x14a00000)
   the space 120288K,  97% used [0x09f50000, 0x111427d0, 0x11142800, 0x114c8000)
 Metaspace       used 22214K, capacity 23102K, committed 23296K, reserved 23936K
Event: 217.021 GC heap after
Heap after GC invocations=162 (full 8):
 def new generation   total 54144K, used 1895K [0x04a00000, 0x084c0000, 0x09f50000)
  eden space 48128K,   0% used [0x04a00000, 0x04a00000, 0x07900000)
  from space 6016K,  31% used [0x07ee0000, 0x080b9c68, 0x084c0000)
  to   space 6016K,   0% used [0x07900000, 0x07900000, 0x07ee0000)
 tenured generation   total 120288K, used 116681K [0x09f50000, 0x114c8000, 0x14a00000)
   the space 120288K,  97% used [0x09f50000, 0x111427d0, 0x11142800, 0x114c8000)
 Metaspace       used 22214K, capacity 23102K, committed 23296K, reserved 23936K
}

